0    INFO  (main) [   ] o.e.j.u.log Logging initialized @1289ms
375  INFO  (main) [   ] o.e.j.s.Server jetty-9.2.13.v20150730
390  WARN  (main) [   ] o.e.j.s.h.RequestLogHandler !RequestLog
390  INFO  (main) [   ] o.e.j.d.p.ScanningAppProvider Deployment monitor [file:/D:/Program%20Files/solr-5.5.0(2.1)/solr-5.5.0/server/contexts/] at interval 0
1000 INFO  (main) [   ] o.e.j.w.StandardDescriptorProcessor NO JSP Support for /solr, did not find org.apache.jasper.servlet.JspServlet
1031 WARN  (main) [   ] o.e.j.s.SecurityHandler ServletContext@o.e.j.w.WebAppContext@31ef45e3{/solr,file:/D:/Program%20Files/solr-5.5.0(2.1)/solr-5.5.0/server/solr-webapp/webapp/,STARTING}{D:\Program Files\solr-5.5.0(2.1)\solr-5.5.0\server/solr-webapp/webapp} has uncovered http methods for path: /
1062 INFO  (main) [   ] o.a.s.s.SolrDispatchFilter SolrDispatchFilter.init(): WebAppClassLoader=1845904670@6e06451e
1172 INFO  (main) [   ] o.a.s.c.SolrResourceLoader JNDI not configured for solr (NoInitialContextEx)
1172 INFO  (main) [   ] o.a.s.c.SolrResourceLoader using system property solr.solr.home: D:\Program Files\solr-5.5.0(2.1)\solr-5.5.0\server\solr
1172 INFO  (main) [   ] o.a.s.c.SolrResourceLoader new SolrResourceLoader for directory: 'D:\Program Files\solr-5.5.0(2.1)\solr-5.5.0\server\solr'
1172 INFO  (main) [   ] o.a.s.c.SolrResourceLoader JNDI not configured for solr (NoInitialContextEx)
1172 INFO  (main) [   ] o.a.s.c.SolrResourceLoader using system property solr.solr.home: D:\Program Files\solr-5.5.0(2.1)\solr-5.5.0\server\solr
1172 INFO  (main) [   ] o.a.s.c.SolrXmlConfig Loading container configuration from D:\Program Files\solr-5.5.0(2.1)\solr-5.5.0\server\solr\solr.xml
1375 INFO  (main) [   ] o.a.s.c.CorePropertiesLocator Config-defined core root directory: D:\Program Files\solr-5.5.0(2.1)\solr-5.5.0\server\solr
1453 INFO  (main) [   ] o.a.s.c.CoreContainer New CoreContainer 1195067075
1453 INFO  (main) [   ] o.a.s.c.CoreContainer Loading cores into CoreContainer [instanceDir=D:\Program Files\solr-5.5.0(2.1)\solr-5.5.0\server\solr]
1453 WARN  (main) [   ] o.a.s.c.CoreContainer Couldn't add files from D:\Program Files\solr-5.5.0(2.1)\solr-5.5.0\server\solr\lib to classpath: D:\Program Files\solr-5.5.0(2.1)\solr-5.5.0\server\solr\lib
1469 INFO  (main) [   ] o.a.s.h.c.HttpShardHandlerFactory created with socketTimeout : 600000,connTimeout : 60000,maxConnectionsPerHost : 20,maxConnections : 10000,corePoolSize : 0,maximumPoolSize : 2147483647,maxThreadIdleTime : 5,sizeOfQueue : -1,fairnessPolicy : false,useRetries : false,
1734 INFO  (main) [   ] o.a.s.u.UpdateShardHandler Creating UpdateShardHandler HTTP client with params: socketTimeout=600000&connTimeout=60000&retry=true
1734 INFO  (main) [   ] o.a.s.l.LogWatcher SLF4J impl is org.slf4j.impl.Log4jLoggerFactory
1734 INFO  (main) [   ] o.a.s.l.LogWatcher Registering Log Listener [Log4j (org.slf4j.impl.Log4jLoggerFactory)]
1734 INFO  (main) [   ] o.a.s.c.CoreContainer Security conf doesn't exist. Skipping setup for authorization module.
1734 INFO  (main) [   ] o.a.s.c.CoreContainer No authentication plugin used.
2750 INFO  (main) [   ] o.a.s.c.CorePropertiesLocator Looking for core definitions underneath D:\Program Files\solr-5.5.0(2.1)\solr-5.5.0\server\solr
2750 INFO  (main) [   ] o.a.s.c.CoreDescriptor Created CoreDescriptor: {name=collection1, config=solrconfig.xml, loadOnStartup=true, schema=schema.xml, configSetProperties=configsetprops.json, transient=false, dataDir=data}
2750 INFO  (main) [   ] o.a.s.c.CorePropertiesLocator Found core collection1 in D:\Program Files\solr-5.5.0(2.1)\solr-5.5.0\server\solr\collection1
2766 INFO  (main) [   ] o.a.s.c.CorePropertiesLocator Found 1 core definitions
2766 INFO  (main) [   ] o.a.s.s.SolrDispatchFilter user.dir=D:\Program Files\solr-5.5.0(2.1)\solr-5.5.0\server
2766 INFO  (main) [   ] o.a.s.s.SolrDispatchFilter SolrDispatchFilter.init() done
2766 INFO  (coreLoadExecutor-6-thread-1) [   ] o.a.s.c.SolrResourceLoader new SolrResourceLoader for directory: 'D:\Program Files\solr-5.5.0(2.1)\solr-5.5.0\server\solr\collection1'
2766 INFO  (coreLoadExecutor-6-thread-1) [   ] o.a.s.c.SolrResourceLoader JNDI not configured for solr (NoInitialContextEx)
2766 INFO  (coreLoadExecutor-6-thread-1) [   ] o.a.s.c.SolrResourceLoader using system property solr.solr.home: D:\Program Files\solr-5.5.0(2.1)\solr-5.5.0\server\solr
2797 INFO  (main) [   ] o.e.j.s.h.ContextHandler Started o.e.j.w.WebAppContext@31ef45e3{/solr,file:/D:/Program%20Files/solr-5.5.0(2.1)/solr-5.5.0/server/solr-webapp/webapp/,AVAILABLE}{D:\Program Files\solr-5.5.0(2.1)\solr-5.5.0\server/solr-webapp/webapp}
2828 INFO  (main) [   ] o.e.j.s.ServerConnector Started ServerConnector@10683d9d{HTTP/1.1}{0.0.0.0:8983}
2828 INFO  (main) [   ] o.e.j.s.Server Started @4126ms
2860 INFO  (coreLoadExecutor-6-thread-1) [   ] o.a.s.c.SolrConfig current version of requestparams : -1
2860 INFO  (coreLoadExecutor-6-thread-1) [   ] o.a.s.c.SolrConfig Adding specified lib dirs to ClassLoader
2891 INFO  (coreLoadExecutor-6-thread-1) [   ] o.a.s.c.SolrResourceLoader Adding 'file:/D:/Program%20Files/solr-5.5.0(2.1)/solr-5.5.0/contrib/extraction/lib/apache-mime4j-core-0.7.2.jar' to classloader
2891 INFO  (coreLoadExecutor-6-thread-1) [   ] o.a.s.c.SolrResourceLoader Adding 'file:/D:/Program%20Files/solr-5.5.0(2.1)/solr-5.5.0/contrib/extraction/lib/apache-mime4j-dom-0.7.2.jar' to classloader
2891 INFO  (coreLoadExecutor-6-thread-1) [   ] o.a.s.c.SolrResourceLoader Adding 'file:/D:/Program%20Files/solr-5.5.0(2.1)/solr-5.5.0/contrib/extraction/lib/aspectjrt-1.8.0.jar' to classloader
2891 INFO  (coreLoadExecutor-6-thread-1) [   ] o.a.s.c.SolrResourceLoader Adding 'file:/D:/Program%20Files/solr-5.5.0(2.1)/solr-5.5.0/contrib/extraction/lib/bcmail-jdk15-1.45.jar' to classloader
2891 INFO  (coreLoadExecutor-6-thread-1) [   ] o.a.s.c.SolrResourceLoader Adding 'file:/D:/Program%20Files/solr-5.5.0(2.1)/solr-5.5.0/contrib/extraction/lib/bcprov-jdk15-1.45.jar' to classloader
2891 INFO  (coreLoadExecutor-6-thread-1) [   ] o.a.s.c.SolrResourceLoader Adding 'file:/D:/Program%20Files/solr-5.5.0(2.1)/solr-5.5.0/contrib/extraction/lib/boilerpipe-1.1.0.jar' to classloader
2891 INFO  (coreLoadExecutor-6-thread-1) [   ] o.a.s.c.SolrResourceLoader Adding 'file:/D:/Program%20Files/solr-5.5.0(2.1)/solr-5.5.0/contrib/extraction/lib/commons-compress-1.8.1.jar' to classloader
2891 INFO  (coreLoadExecutor-6-thread-1) [   ] o.a.s.c.SolrResourceLoader Adding 'file:/D:/Program%20Files/solr-5.5.0(2.1)/solr-5.5.0/contrib/extraction/lib/fontbox-1.8.8.jar' to classloader
2891 INFO  (coreLoadExecutor-6-thread-1) [   ] o.a.s.c.SolrResourceLoader Adding 'file:/D:/Program%20Files/solr-5.5.0(2.1)/solr-5.5.0/contrib/extraction/lib/icu4j-54.1.jar' to classloader
2891 INFO  (coreLoadExecutor-6-thread-1) [   ] o.a.s.c.SolrResourceLoader Adding 'file:/D:/Program%20Files/solr-5.5.0(2.1)/solr-5.5.0/contrib/extraction/lib/isoparser-1.0.2.jar' to classloader
2891 INFO  (coreLoadExecutor-6-thread-1) [   ] o.a.s.c.SolrResourceLoader Adding 'file:/D:/Program%20Files/solr-5.5.0(2.1)/solr-5.5.0/contrib/extraction/lib/java-libpst-0.8.1.jar' to classloader
2891 INFO  (coreLoadExecutor-6-thread-1) [   ] o.a.s.c.SolrResourceLoader Adding 'file:/D:/Program%20Files/solr-5.5.0(2.1)/solr-5.5.0/contrib/extraction/lib/jdom-1.0.jar' to classloader
2891 INFO  (coreLoadExecutor-6-thread-1) [   ] o.a.s.c.SolrResourceLoader Adding 'file:/D:/Program%20Files/solr-5.5.0(2.1)/solr-5.5.0/contrib/extraction/lib/jempbox-1.8.8.jar' to classloader
2891 INFO  (coreLoadExecutor-6-thread-1) [   ] o.a.s.c.SolrResourceLoader Adding 'file:/D:/Program%20Files/solr-5.5.0(2.1)/solr-5.5.0/contrib/extraction/lib/jmatio-1.0.jar' to classloader
2891 INFO  (coreLoadExecutor-6-thread-1) [   ] o.a.s.c.SolrResourceLoader Adding 'file:/D:/Program%20Files/solr-5.5.0(2.1)/solr-5.5.0/contrib/extraction/lib/juniversalchardet-1.0.3.jar' to classloader
2891 INFO  (coreLoadExecutor-6-thread-1) [   ] o.a.s.c.SolrResourceLoader Adding 'file:/D:/Program%20Files/solr-5.5.0(2.1)/solr-5.5.0/contrib/extraction/lib/metadata-extractor-2.6.2.jar' to classloader
2891 INFO  (coreLoadExecutor-6-thread-1) [   ] o.a.s.c.SolrResourceLoader Adding 'file:/D:/Program%20Files/solr-5.5.0(2.1)/solr-5.5.0/contrib/extraction/lib/pdfbox-1.8.8.jar' to classloader
2891 INFO  (coreLoadExecutor-6-thread-1) [   ] o.a.s.c.SolrResourceLoader Adding 'file:/D:/Program%20Files/solr-5.5.0(2.1)/solr-5.5.0/contrib/extraction/lib/poi-3.11.jar' to classloader
2891 INFO  (coreLoadExecutor-6-thread-1) [   ] o.a.s.c.SolrResourceLoader Adding 'file:/D:/Program%20Files/solr-5.5.0(2.1)/solr-5.5.0/contrib/extraction/lib/poi-ooxml-3.11.jar' to classloader
2891 INFO  (coreLoadExecutor-6-thread-1) [   ] o.a.s.c.SolrResourceLoader Adding 'file:/D:/Program%20Files/solr-5.5.0(2.1)/solr-5.5.0/contrib/extraction/lib/poi-ooxml-schemas-3.11.jar' to classloader
2891 INFO  (coreLoadExecutor-6-thread-1) [   ] o.a.s.c.SolrResourceLoader Adding 'file:/D:/Program%20Files/solr-5.5.0(2.1)/solr-5.5.0/contrib/extraction/lib/poi-scratchpad-3.11.jar' to classloader
2891 INFO  (coreLoadExecutor-6-thread-1) [   ] o.a.s.c.SolrResourceLoader Adding 'file:/D:/Program%20Files/solr-5.5.0(2.1)/solr-5.5.0/contrib/extraction/lib/rome-1.0.jar' to classloader
2891 INFO  (coreLoadExecutor-6-thread-1) [   ] o.a.s.c.SolrResourceLoader Adding 'file:/D:/Program%20Files/solr-5.5.0(2.1)/solr-5.5.0/contrib/extraction/lib/tagsoup-1.2.1.jar' to classloader
2891 INFO  (coreLoadExecutor-6-thread-1) [   ] o.a.s.c.SolrResourceLoader Adding 'file:/D:/Program%20Files/solr-5.5.0(2.1)/solr-5.5.0/contrib/extraction/lib/tika-core-1.7.jar' to classloader
2891 INFO  (coreLoadExecutor-6-thread-1) [   ] o.a.s.c.SolrResourceLoader Adding 'file:/D:/Program%20Files/solr-5.5.0(2.1)/solr-5.5.0/contrib/extraction/lib/tika-java7-1.7.jar' to classloader
2891 INFO  (coreLoadExecutor-6-thread-1) [   ] o.a.s.c.SolrResourceLoader Adding 'file:/D:/Program%20Files/solr-5.5.0(2.1)/solr-5.5.0/contrib/extraction/lib/tika-parsers-1.7.jar' to classloader
2891 INFO  (coreLoadExecutor-6-thread-1) [   ] o.a.s.c.SolrResourceLoader Adding 'file:/D:/Program%20Files/solr-5.5.0(2.1)/solr-5.5.0/contrib/extraction/lib/tika-xmp-1.7.jar' to classloader
2891 INFO  (coreLoadExecutor-6-thread-1) [   ] o.a.s.c.SolrResourceLoader Adding 'file:/D:/Program%20Files/solr-5.5.0(2.1)/solr-5.5.0/contrib/extraction/lib/vorbis-java-core-0.6.jar' to classloader
2891 INFO  (coreLoadExecutor-6-thread-1) [   ] o.a.s.c.SolrResourceLoader Adding 'file:/D:/Program%20Files/solr-5.5.0(2.1)/solr-5.5.0/contrib/extraction/lib/vorbis-java-tika-0.6.jar' to classloader
2891 INFO  (coreLoadExecutor-6-thread-1) [   ] o.a.s.c.SolrResourceLoader Adding 'file:/D:/Program%20Files/solr-5.5.0(2.1)/solr-5.5.0/contrib/extraction/lib/xercesImpl-2.9.1.jar' to classloader
2891 INFO  (coreLoadExecutor-6-thread-1) [   ] o.a.s.c.SolrResourceLoader Adding 'file:/D:/Program%20Files/solr-5.5.0(2.1)/solr-5.5.0/contrib/extraction/lib/xmlbeans-2.6.0.jar' to classloader
2891 INFO  (coreLoadExecutor-6-thread-1) [   ] o.a.s.c.SolrResourceLoader Adding 'file:/D:/Program%20Files/solr-5.5.0(2.1)/solr-5.5.0/contrib/extraction/lib/xmpcore-5.1.2.jar' to classloader
2891 INFO  (coreLoadExecutor-6-thread-1) [   ] o.a.s.c.SolrResourceLoader Adding 'file:/D:/Program%20Files/solr-5.5.0(2.1)/solr-5.5.0/contrib/extraction/lib/xz-1.5.jar' to classloader
2891 INFO  (coreLoadExecutor-6-thread-1) [   ] o.a.s.c.SolrResourceLoader Adding 'file:/D:/Program%20Files/solr-5.5.0(2.1)/solr-5.5.0/dist/solr-cell-5.5.0.jar' to classloader
2891 INFO  (coreLoadExecutor-6-thread-1) [   ] o.a.s.c.SolrResourceLoader Adding 'file:/D:/Program%20Files/solr-5.5.0(2.1)/solr-5.5.0/contrib/clustering/lib/attributes-binder-1.2.3.jar' to classloader
2891 INFO  (coreLoadExecutor-6-thread-1) [   ] o.a.s.c.SolrResourceLoader Adding 'file:/D:/Program%20Files/solr-5.5.0(2.1)/solr-5.5.0/contrib/clustering/lib/carrot2-guava-18.0.jar' to classloader
2891 INFO  (coreLoadExecutor-6-thread-1) [   ] o.a.s.c.SolrResourceLoader Adding 'file:/D:/Program%20Files/solr-5.5.0(2.1)/solr-5.5.0/contrib/clustering/lib/carrot2-mini-3.10.4.jar' to classloader
2891 INFO  (coreLoadExecutor-6-thread-1) [   ] o.a.s.c.SolrResourceLoader Adding 'file:/D:/Program%20Files/solr-5.5.0(2.1)/solr-5.5.0/contrib/clustering/lib/jackson-annotations-2.5.4.jar' to classloader
2891 INFO  (coreLoadExecutor-6-thread-1) [   ] o.a.s.c.SolrResourceLoader Adding 'file:/D:/Program%20Files/solr-5.5.0(2.1)/solr-5.5.0/contrib/clustering/lib/jackson-databind-2.5.4.jar' to classloader
2891 INFO  (coreLoadExecutor-6-thread-1) [   ] o.a.s.c.SolrResourceLoader Adding 'file:/D:/Program%20Files/solr-5.5.0(2.1)/solr-5.5.0/contrib/clustering/lib/mahout-collections-1.0.jar' to classloader
2891 INFO  (coreLoadExecutor-6-thread-1) [   ] o.a.s.c.SolrResourceLoader Adding 'file:/D:/Program%20Files/solr-5.5.0(2.1)/solr-5.5.0/contrib/clustering/lib/mahout-math-0.6.jar' to classloader
2891 INFO  (coreLoadExecutor-6-thread-1) [   ] o.a.s.c.SolrResourceLoader Adding 'file:/D:/Program%20Files/solr-5.5.0(2.1)/solr-5.5.0/contrib/clustering/lib/simple-xml-2.7.1.jar' to classloader
2891 INFO  (coreLoadExecutor-6-thread-1) [   ] o.a.s.c.SolrResourceLoader Adding 'file:/D:/Program%20Files/solr-5.5.0(2.1)/solr-5.5.0/dist/solr-clustering-5.5.0.jar' to classloader
2891 INFO  (coreLoadExecutor-6-thread-1) [   ] o.a.s.c.SolrResourceLoader Adding 'file:/D:/Program%20Files/solr-5.5.0(2.1)/solr-5.5.0/contrib/langid/lib/jsonic-1.2.7.jar' to classloader
2891 INFO  (coreLoadExecutor-6-thread-1) [   ] o.a.s.c.SolrResourceLoader Adding 'file:/D:/Program%20Files/solr-5.5.0(2.1)/solr-5.5.0/contrib/langid/lib/langdetect-1.1-20120112.jar' to classloader
2891 INFO  (coreLoadExecutor-6-thread-1) [   ] o.a.s.c.SolrResourceLoader Adding 'file:/D:/Program%20Files/solr-5.5.0(2.1)/solr-5.5.0/dist/solr-langid-5.5.0.jar' to classloader
2891 INFO  (coreLoadExecutor-6-thread-1) [   ] o.a.s.c.SolrResourceLoader Adding 'file:/D:/Program%20Files/solr-5.5.0(2.1)/solr-5.5.0/contrib/velocity/lib/commons-beanutils-1.8.3.jar' to classloader
2891 INFO  (coreLoadExecutor-6-thread-1) [   ] o.a.s.c.SolrResourceLoader Adding 'file:/D:/Program%20Files/solr-5.5.0(2.1)/solr-5.5.0/contrib/velocity/lib/commons-collections-3.2.2.jar' to classloader
2891 INFO  (coreLoadExecutor-6-thread-1) [   ] o.a.s.c.SolrResourceLoader Adding 'file:/D:/Program%20Files/solr-5.5.0(2.1)/solr-5.5.0/contrib/velocity/lib/velocity-1.7.jar' to classloader
2891 INFO  (coreLoadExecutor-6-thread-1) [   ] o.a.s.c.SolrResourceLoader Adding 'file:/D:/Program%20Files/solr-5.5.0(2.1)/solr-5.5.0/contrib/velocity/lib/velocity-tools-2.0.jar' to classloader
2891 INFO  (coreLoadExecutor-6-thread-1) [   ] o.a.s.c.SolrResourceLoader Adding 'file:/D:/Program%20Files/solr-5.5.0(2.1)/solr-5.5.0/dist/solr-velocity-5.5.0.jar' to classloader
4678 INFO  (qtp1830712962-21) [   ] o.a.s.s.HttpSolrCall [admin] webapp=null path=/admin/info/system params={wt=json} status=0 QTime=1681
5803 WARN  (coreLoadExecutor-6-thread-1) [   ] o.a.s.c.Config Beginning with Solr 5.5, <maxMergeDocs> is deprecated, configure it on the relevant <mergePolicyFactory> instead.
5803 WARN  (coreLoadExecutor-6-thread-1) [   ] o.a.s.c.Config Beginning with Solr 5.5, <mergeFactor> is deprecated, configure it on the relevant <mergePolicyFactory> instead.
5803 INFO  (coreLoadExecutor-6-thread-1) [   ] o.a.s.u.SolrIndexConfig IndexWriter infoStream solr logging is enabled
5866 INFO  (coreLoadExecutor-6-thread-1) [   ] o.a.s.c.SolrConfig Using Lucene MatchVersion: 5.5.0
6256 INFO  (coreLoadExecutor-6-thread-1) [   ] o.a.s.c.SolrConfig Loaded SolrConfig: solrconfig.xml
6475 INFO  (coreLoadExecutor-6-thread-1) [   ] o.a.s.s.IndexSchema [collection1] Schema name=example
8163 WARN  (coreLoadExecutor-6-thread-1) [   ] o.a.s.s.AbstractSpatialFieldType units parameter is deprecated, please use distanceUnits instead for field types with class SpatialRecursivePrefixTreeFieldType
8178 INFO  (coreLoadExecutor-6-thread-1) [   ] o.a.s.s.IndexSchema unique key field: id
8538 INFO  (coreLoadExecutor-6-thread-1) [   ] o.a.s.r.RestManager Registered ManagedResource impl org.apache.solr.rest.schema.analysis.ManagedWordSetResource for path /schema/analysis/stopwords/english
8538 INFO  (coreLoadExecutor-6-thread-1) [   ] o.a.s.r.RestManager Registered ManagedResource impl org.apache.solr.rest.schema.analysis.ManagedSynonymFilterFactory$SynonymManager for path /schema/analysis/synonyms/english
8553 INFO  (coreLoadExecutor-6-thread-1) [   ] o.a.s.s.FileExchangeRateProvider Reloading exchange rates from file currency.xml
8553 INFO  (coreLoadExecutor-6-thread-1) [   ] o.a.s.s.FileExchangeRateProvider Reloading exchange rates from file currency.xml
8553 INFO  (coreLoadExecutor-6-thread-1) [   ] o.a.s.r.RestManager Added observer of type org.apache.solr.rest.schema.analysis.ManagedStopFilterFactory to existing ManagedResource /schema/analysis/stopwords/english
8553 INFO  (coreLoadExecutor-6-thread-1) [   ] o.a.s.r.RestManager Added observer of type org.apache.solr.rest.schema.analysis.ManagedSynonymFilterFactory to existing ManagedResource /schema/analysis/synonyms/english
8585 INFO  (coreLoadExecutor-6-thread-1) [   ] o.a.s.c.ConfigSetProperties Did not find ConfigSet properties, assuming default properties: Can't find resource 'configsetprops.json' in classpath or 'D:\Program Files\solr-5.5.0(2.1)\solr-5.5.0\server\solr\collection1'
8585 INFO  (coreLoadExecutor-6-thread-1) [   ] o.a.s.c.CoreContainer Creating SolrCore 'collection1' using configuration from instancedir D:\Program Files\solr-5.5.0(2.1)\solr-5.5.0\server\solr\collection1
8600 INFO  (coreLoadExecutor-6-thread-1) [   x:collection1] o.a.s.c.SolrCore solr.NRTCachingDirectoryFactory
8600 INFO  (coreLoadExecutor-6-thread-1) [   x:collection1] o.a.s.c.SolrCore [[collection1] ] Opening new SolrCore at [D:\Program Files\solr-5.5.0(2.1)\solr-5.5.0\server\solr\collection1], dataDir=[D:\Program Files\solr-5.5.0(2.1)\solr-5.5.0\server\solr\collection1\data\]
8616 INFO  (coreLoadExecutor-6-thread-1) [   x:collection1] o.a.s.c.JmxMonitoredMap No JMX servers found, not exposing Solr information with JMX.
8616 INFO  (coreLoadExecutor-6-thread-1) [   x:collection1] o.a.s.c.SolrCore [[collection1] ] Added SolrEventListener for newSearcher: [org.apache.solr.core.QuerySenderListener{queries=[]}]
8616 INFO  (coreLoadExecutor-6-thread-1) [   x:collection1] o.a.s.c.SolrCore [[collection1] ] Added SolrEventListener for firstSearcher: [org.apache.solr.core.QuerySenderListener{queries=[{q=static firstSearcher warming in solrconfig.xml}]}]
8616 INFO  (coreLoadExecutor-6-thread-1) [   x:collection1] o.a.s.c.SchemaCodecFactory Using default compressionMode: BEST_SPEED
8631 INFO  (coreLoadExecutor-6-thread-1) [   x:collection1] o.a.s.c.CachingDirectoryFactory return new directory for D:\Program Files\solr-5.5.0(2.1)\solr-5.5.0\server\solr\collection1\data
8631 INFO  (coreLoadExecutor-6-thread-1) [   x:collection1] o.a.s.c.SolrCore New index directory detected: old=null new=D:\Program Files\solr-5.5.0(2.1)\solr-5.5.0\server\solr\collection1\data\index/
8631 INFO  (coreLoadExecutor-6-thread-1) [   x:collection1] o.a.s.c.CachingDirectoryFactory return new directory for D:\Program Files\solr-5.5.0(2.1)\solr-5.5.0\server\solr\collection1\data\index
8647 INFO  (OldIndexDirectoryCleanupThreadForCore-collection1) [   x:collection1] o.a.s.c.SolrCore Looking for old index directories to cleanup for core collection1 in D:\Program Files\solr-5.5.0(2.1)\solr-5.5.0\server\solr\collection1\data\
8647 INFO  (coreLoadExecutor-6-thread-1) [   x:collection1] o.a.s.c.PluginBag queryResponseWriter : 'velocity' created with startup=lazy 
8663 INFO  (coreLoadExecutor-6-thread-1) [   x:collection1] o.a.s.r.XSLTResponseWriter xsltCacheLifetimeSeconds=5
8772 INFO  (coreLoadExecutor-6-thread-1) [   x:collection1] o.a.s.c.SolrCore no updateRequestProcessorChain defined as default, creating implicit default
8819 INFO  (coreLoadExecutor-6-thread-1) [   x:collection1] o.a.s.h.l.XMLLoader xsltCacheLifetimeSeconds=60
8819 INFO  (coreLoadExecutor-6-thread-1) [   x:collection1] o.a.s.h.l.XMLLoader xsltCacheLifetimeSeconds=60
8819 INFO  (coreLoadExecutor-6-thread-1) [   x:collection1] o.a.s.h.l.XMLLoader xsltCacheLifetimeSeconds=60
8819 INFO  (coreLoadExecutor-6-thread-1) [   x:collection1] o.a.s.h.l.XMLLoader xsltCacheLifetimeSeconds=60
8819 INFO  (coreLoadExecutor-6-thread-1) [   x:collection1] o.a.s.c.PluginBag requestHandler : '/update/extract' created with startup=lazy 
8819 INFO  (coreLoadExecutor-6-thread-1) [   x:collection1] o.a.s.c.PluginBag requestHandler : '/analysis/field' created with startup=lazy 
8819 INFO  (coreLoadExecutor-6-thread-1) [   x:collection1] o.a.s.c.PluginBag requestHandler : '/analysis/document' created with startup=lazy 
8819 INFO  (coreLoadExecutor-6-thread-1) [   x:collection1] o.a.s.c.PluginBag requestHandler : '/spell' created with startup=lazy 
8819 INFO  (coreLoadExecutor-6-thread-1) [   x:collection1] o.a.s.c.PluginBag requestHandler : '/suggest' created with startup=lazy 
8819 INFO  (coreLoadExecutor-6-thread-1) [   x:collection1] o.a.s.c.PluginBag requestHandler : '/tvrh' created with startup=lazy 
8819 INFO  (coreLoadExecutor-6-thread-1) [   x:collection1] o.a.s.c.PluginBag requestHandler : '/terms' created with startup=lazy 
8819 INFO  (coreLoadExecutor-6-thread-1) [   x:collection1] o.a.s.c.PluginBag requestHandler : '/elevate' created with startup=lazy 
8819 INFO  (coreLoadExecutor-6-thread-1) [   x:collection1] o.a.s.c.RequestHandlers Registered paths: /admin/mbeans,/browse,/update/json/docs,/admin/luke,/export,/get,/admin/properties,/elevate,/update/json,/admin/threads,/query,/analysis/field,/analysis/document,/spell,/update/csv,/tvrh,/select,/admin/segments,/admin/system,/suggest,/replication,/config,/schema,/admin/plugins,/admin/logging,/admin/ping,/update,/admin/file,/debug/dump,/terms,/update/extract
8835 INFO  (coreLoadExecutor-6-thread-1) [   x:collection1] o.a.s.c.SolrCore Using default statsCache cache: org.apache.solr.search.stats.LocalStatsCache
8835 INFO  (coreLoadExecutor-6-thread-1) [   x:collection1] o.a.s.u.UpdateHandler Using UpdateLog implementation: org.apache.solr.update.UpdateLog
8835 INFO  (coreLoadExecutor-6-thread-1) [   x:collection1] o.a.s.u.UpdateLog Initializing UpdateLog: dataDir= defaultSyncLevel=FLUSH numRecordsToKeep=100 maxNumLogsToKeep=10 numVersionBuckets=65536
8881 INFO  (coreLoadExecutor-6-thread-1) [   x:collection1] o.a.s.u.CommitTracker Hard AutoCommit: if uncommited for 15000ms; 
8881 INFO  (coreLoadExecutor-6-thread-1) [   x:collection1] o.a.s.u.CommitTracker Soft AutoCommit: disabled
8975 INFO  (coreLoadExecutor-6-thread-1) [   x:collection1] o.a.s.c.SolrDeletionPolicy SolrDeletionPolicy.onInit: commits: num=1
	commit{dir=NRTCachingDirectory(MMapDirectory@D:\Program Files\solr-5.5.0(2.1)\solr-5.5.0\server\solr\collection1\data\index lockFactory=org.apache.lucene.store.NativeFSLockFactory@53d37640; maxCacheMB=48.0 maxMergeSizeMB=4.0),segFN=segments_1il,generation=1965}
8975 INFO  (coreLoadExecutor-6-thread-1) [   x:collection1] o.a.s.c.SolrDeletionPolicy newest commit generation = 1965
9210 INFO  (coreLoadExecutor-6-thread-1) [   x:collection1] o.a.s.s.SolrIndexSearcher Opening Searcher@6a262b3e[collection1] main
9241 INFO  (coreLoadExecutor-6-thread-1) [   x:collection1] o.a.s.r.ManagedResourceStorage File-based storage initialized to use dir: D:\Program Files\solr-5.5.0(2.1)\solr-5.5.0\server\solr\collection1\conf
9241 INFO  (coreLoadExecutor-6-thread-1) [   x:collection1] o.a.s.r.RestManager Initializing RestManager with initArgs: {storageDir=D:\Program Files\solr-5.5.0(2.1)\solr-5.5.0\server\solr\collection1\conf}
9241 INFO  (coreLoadExecutor-6-thread-1) [   x:collection1] o.a.s.r.ManagedResourceStorage Reading _rest_managed.json using file:dir=D:\Program Files\solr-5.5.0(2.1)\solr-5.5.0\server\solr\collection1\conf
9241 INFO  (coreLoadExecutor-6-thread-1) [   x:collection1] o.a.s.r.ManagedResourceStorage Loaded LinkedHashMap at path _rest_managed.json using file:dir=D:\Program Files\solr-5.5.0(2.1)\solr-5.5.0\server\solr\collection1\conf
9241 INFO  (coreLoadExecutor-6-thread-1) [   x:collection1] o.a.s.r.ManagedResource Loaded initArgs {} for /rest/managed
9241 INFO  (coreLoadExecutor-6-thread-1) [   x:collection1] o.a.s.r.RestManager Initializing 2 registered ManagedResources
9241 INFO  (coreLoadExecutor-6-thread-1) [   x:collection1] o.a.s.r.ManagedResourceStorage Reading _schema_analysis_stopwords_english.json using file:dir=D:\Program Files\solr-5.5.0(2.1)\solr-5.5.0\server\solr\collection1\conf
9257 INFO  (coreLoadExecutor-6-thread-1) [   x:collection1] o.a.s.r.ManagedResourceStorage Loaded LinkedHashMap at path _schema_analysis_stopwords_english.json using file:dir=D:\Program Files\solr-5.5.0(2.1)\solr-5.5.0\server\solr\collection1\conf
9257 INFO  (coreLoadExecutor-6-thread-1) [   x:collection1] o.a.s.r.ManagedResource Loaded initArgs {ignoreCase=true} for /schema/analysis/stopwords/english
9257 INFO  (coreLoadExecutor-6-thread-1) [   x:collection1] o.a.s.r.s.a.ManagedWordSetResource Loaded 35 words for /schema/analysis/stopwords/english
9257 INFO  (coreLoadExecutor-6-thread-1) [   x:collection1] o.a.s.r.ManagedResource Notified 2 observers of /schema/analysis/stopwords/english
9257 INFO  (coreLoadExecutor-6-thread-1) [   x:collection1] o.a.s.r.ManagedResourceStorage Reading _schema_analysis_synonyms_english.json using file:dir=D:\Program Files\solr-5.5.0(2.1)\solr-5.5.0\server\solr\collection1\conf
9257 INFO  (coreLoadExecutor-6-thread-1) [   x:collection1] o.a.s.r.ManagedResourceStorage Loaded LinkedHashMap at path _schema_analysis_synonyms_english.json using file:dir=D:\Program Files\solr-5.5.0(2.1)\solr-5.5.0\server\solr\collection1\conf
9257 INFO  (coreLoadExecutor-6-thread-1) [   x:collection1] o.a.s.r.ManagedResource Loaded initArgs {ignoreCase=true,format=solr} for /schema/analysis/synonyms/english
9257 INFO  (coreLoadExecutor-6-thread-1) [   x:collection1] o.a.s.r.s.a.ManagedSynonymFilterFactory Loaded 3 synonym mappings for /schema/analysis/synonyms/english
9257 INFO  (coreLoadExecutor-6-thread-1) [   x:collection1] o.a.s.r.ManagedResource Notified 2 observers of /schema/analysis/synonyms/english
9272 INFO  (coreLoadExecutor-6-thread-1) [   x:collection1] o.a.s.h.c.SpellCheckComponent Initializing spell checkers
9272 INFO  (coreLoadExecutor-6-thread-1) [   x:collection1] o.a.s.s.DirectSolrSpellChecker init: {name=default,field=text,classname=solr.DirectSolrSpellChecker,distanceMeasure=internal,accuracy=0.5,maxEdits=2,minPrefix=1,maxInspections=5,minQueryLength=4,maxQueryFrequency=0.01}
9272 INFO  (coreLoadExecutor-6-thread-1) [   x:collection1] o.a.s.h.c.SpellCheckComponent No queryConverter defined, using default converter
9272 INFO  (coreLoadExecutor-6-thread-1) [   x:collection1] o.a.s.h.c.SuggestComponent Initializing SuggestComponent
9288 INFO  (coreLoadExecutor-6-thread-1) [   x:collection1] o.a.s.s.s.SolrSuggester init: {name=mySuggester,lookupImpl=FuzzyLookupFactory,dictionaryImpl=DocumentDictionaryFactory,field=cat,weightField=price,suggestAnalyzerFieldType=string,buildOnStartup=false}
9288 INFO  (coreLoadExecutor-6-thread-1) [   x:collection1] o.a.s.s.s.SolrSuggester Dictionary loaded with params: {name=mySuggester,lookupImpl=FuzzyLookupFactory,dictionaryImpl=DocumentDictionaryFactory,field=cat,weightField=price,suggestAnalyzerFieldType=string,buildOnStartup=false}
9303 INFO  (coreLoadExecutor-6-thread-1) [   x:collection1] o.a.s.h.c.QueryElevationComponent Loading QueryElevation from: D:\Program Files\solr-5.5.0(2.1)\solr-5.5.0\server\solr\collection1\conf\elevate.xml
9319 INFO  (coreLoadExecutor-6-thread-1) [   x:collection1] o.a.s.h.ReplicationHandler Commits will be reserved for  10000
9319 INFO  (searcherExecutor-7-thread-1-processing-x:collection1) [   x:collection1] o.a.s.c.QuerySenderListener QuerySenderListener sending requests to Searcher@6a262b3e[collection1] main{ExitableDirectoryReader(UninvertingDirectoryReader(Uninverting(_1od(5.5.0):C1792/5:delGen=4) Uninverting(_1oe(5.5.0):C1) Uninverting(_1of(5.5.0):C1) Uninverting(_1og(5.5.0):C1) Uninverting(_1oh(5.5.0):C1) Uninverting(_1oj(5.5.0):C1)))}
9319 INFO  (coreLoadExecutor-6-thread-1) [   x:collection1] o.a.s.u.UpdateLog Looking up max value of version field to seed version buckets
9319 INFO  (coreLoadExecutor-6-thread-1) [   x:collection1] o.a.s.u.VersionInfo Refreshing highest value of _version_ for 65536 version buckets from index
9366 INFO  (coreLoadExecutor-6-thread-1) [   x:collection1] o.a.s.u.VersionInfo Found MAX value 1571973103232221184 from Terms for _version_ in index
9382 INFO  (coreLoadExecutor-6-thread-1) [   x:collection1] o.a.s.u.UpdateLog Took 51.0ms to seed version buckets with highest version 1571973103232221184
9382 INFO  (coreLoadExecutor-6-thread-1) [   x:collection1] o.a.s.c.CoreContainer registering core: collection1
9475 INFO  (searcherExecutor-7-thread-1-processing-x:collection1) [   x:collection1] o.a.s.c.S.Request [collection1]  webapp=null path=null params={q=static+firstSearcher+warming+in+solrconfig.xml&distrib=false&event=firstSearcher} hits=1260 status=0 QTime=139
9507 INFO  (searcherExecutor-7-thread-1-processing-x:collection1) [   x:collection1] o.a.s.c.QuerySenderListener QuerySenderListener done.
9507 INFO  (searcherExecutor-7-thread-1-processing-x:collection1) [   x:collection1] o.a.s.h.c.SpellCheckComponent Loading spell index for spellchecker: default
9507 INFO  (searcherExecutor-7-thread-1-processing-x:collection1) [   x:collection1] o.a.s.h.c.SpellCheckComponent Loading spell index for spellchecker: wordbreak
9507 INFO  (searcherExecutor-7-thread-1-processing-x:collection1) [   x:collection1] o.a.s.c.SolrCore [collection1] Registered new searcher Searcher@6a262b3e[collection1] main{ExitableDirectoryReader(UninvertingDirectoryReader(Uninverting(_1od(5.5.0):C1792/5:delGen=4) Uninverting(_1oe(5.5.0):C1) Uninverting(_1of(5.5.0):C1) Uninverting(_1og(5.5.0):C1) Uninverting(_1oh(5.5.0):C1) Uninverting(_1oj(5.5.0):C1)))}
1553496 INFO  (qtp1830712962-17) [   x:collection1] o.a.s.c.S.Request [collection1]  webapp=/solr path=/select params={q=斯柯达&wt=javabin&version=2} hits=2 status=0 QTime=5
1554121 INFO  (qtp1830712962-21) [   x:collection1] o.a.s.c.S.Request [collection1]  webapp=/solr path=/select params={q=上汽&wt=javabin&version=2} hits=2 status=0 QTime=1
1707046 INFO  (qtp1830712962-17) [   x:collection1] o.a.s.c.S.Request [collection1]  webapp=/solr path=/select params={q=斯柯达&wt=javabin&version=2} hits=2 status=0 QTime=1
1707608 INFO  (qtp1830712962-21) [   x:collection1] o.a.s.c.S.Request [collection1]  webapp=/solr path=/select params={q=上汽&wt=javabin&version=2} hits=2 status=0 QTime=0
2306372 INFO  (qtp1830712962-17) [   ] o.a.s.s.HttpSolrCall [admin] webapp=null path=/admin/cores params={indexInfo=false&wt=json&_=1499215862304} status=0 QTime=1
2306415 INFO  (qtp1830712962-21) [   ] o.a.s.s.HttpSolrCall [admin] webapp=null path=/admin/info/system params={wt=json&_=1499215862329} status=0 QTime=18
2308672 INFO  (qtp1830712962-18) [   x:collection1] o.a.s.c.S.Request [collection1]  webapp=/solr path=/admin/file params={file=admin-extra.menu-top.html&contentType=text/html;charset%3Dutf-8&_=1499215864596} status=0 QTime=1
2308673 INFO  (qtp1830712962-22) [   x:collection1] o.a.s.c.S.Request [collection1]  webapp=/solr path=/admin/file params={file=admin-extra.menu-bottom.html&contentType=text/html;charset%3Dutf-8&_=1499215864597} status=0 QTime=0
2308741 INFO  (qtp1830712962-17) [   x:collection1] o.a.s.c.S.Request [collection1]  webapp=/solr path=/admin/file params={file=admin-extra.html&_=1499215864673} status=0 QTime=0
2308741 INFO  (qtp1830712962-21) [   x:collection1] o.a.s.c.S.Request [collection1]  webapp=/solr path=/admin/luke params={show=index&numTerms=0&wt=json&_=1499215864669} status=0 QTime=2
2308754 INFO  (qtp1830712962-22) [   x:collection1] o.a.s.c.S.Request [collection1]  webapp=/solr path=/admin/ping params={action=status&wt=json&_=1499215864674} status=503 QTime=8
2308754 INFO  (qtp1830712962-16) [   x:collection1] o.a.s.c.S.Request [collection1]  webapp=/solr path=/replication params={wt=json&command=details&_=1499215864672} status=0 QTime=15
2308764 INFO  (qtp1830712962-18) [   x:collection1] o.a.s.c.S.Request [collection1]  webapp=/solr path=/admin/system params={wt=json&_=1499215864672} status=0 QTime=24
2316660 INFO  (qtp1830712962-22) [   x:collection1] o.a.s.c.S.Request [collection1]  webapp=/solr path=/select params={q=*:*&indent=true&wt=json&_=1499215872591} hits=1792 status=0 QTime=1
2331091 INFO  (qtp1830712962-17) [   x:collection1] o.a.s.c.S.Request [collection1]  webapp=/solr path=/select params={q=*:*&indent=true&fl=id&rows=2000&wt=json&_=1499215887020} hits=1792 status=0 QTime=3
2509220 INFO  (qtp1830712962-22) [   x:collection1] o.a.s.c.S.Request [collection1]  webapp=/solr path=/select params={q=斯柯达&wt=javabin&version=2} hits=2 status=0 QTime=1
2510814 INFO  (qtp1830712962-18) [   x:collection1] o.a.s.c.S.Request [collection1]  webapp=/solr path=/select params={q=上汽&wt=javabin&version=2} hits=2 status=0 QTime=0
2961837 INFO  (qtp1830712962-17) [   x:collection1] o.a.s.s.SolrIndexSearcher Opening Searcher@a84e16e[collection1] realtime
2961837 INFO  (qtp1830712962-17) [   x:collection1] o.a.s.u.p.LogUpdateProcessorFactory [collection1]  webapp=/solr path=/update params={wt=javabin&version=2}{deleteByQuery=*:* (-1572042459226046464)} 0 187
2961900 INFO  (qtp1830712962-16) [   x:collection1] o.a.s.u.DirectUpdateHandler2 start commit{,optimize=false,openSearcher=true,waitSearcher=true,expungeDeletes=false,softCommit=false,prepareCommit=false}
2961931 INFO  (qtp1830712962-16) [   x:collection1] o.a.s.c.SolrDeletionPolicy SolrDeletionPolicy.onCommit: commits: num=2
	commit{dir=NRTCachingDirectory(MMapDirectory@D:\Program Files\solr-5.5.0(2.1)\solr-5.5.0\server\solr\collection1\data\index lockFactory=org.apache.lucene.store.NativeFSLockFactory@53d37640; maxCacheMB=48.0 maxMergeSizeMB=4.0),segFN=segments_1il,generation=1965}
	commit{dir=NRTCachingDirectory(MMapDirectory@D:\Program Files\solr-5.5.0(2.1)\solr-5.5.0\server\solr\collection1\data\index lockFactory=org.apache.lucene.store.NativeFSLockFactory@53d37640; maxCacheMB=48.0 maxMergeSizeMB=4.0),segFN=segments_1im,generation=1966}
2961931 INFO  (qtp1830712962-16) [   x:collection1] o.a.s.c.SolrDeletionPolicy newest commit generation = 1966
2961947 INFO  (qtp1830712962-16) [   x:collection1] o.a.s.s.SolrIndexSearcher Opening Searcher@58b88ebd[collection1] main
2961947 INFO  (searcherExecutor-7-thread-1-processing-x:collection1) [   x:collection1] o.a.s.c.QuerySenderListener QuerySenderListener sending requests to Searcher@58b88ebd[collection1] main{ExitableDirectoryReader(UninvertingDirectoryReader())}
2961947 INFO  (searcherExecutor-7-thread-1-processing-x:collection1) [   x:collection1] o.a.s.c.QuerySenderListener QuerySenderListener done.
2961947 INFO  (qtp1830712962-16) [   x:collection1] o.a.s.u.DirectUpdateHandler2 end_commit_flush
2961947 INFO  (searcherExecutor-7-thread-1-processing-x:collection1) [   x:collection1] o.a.s.c.SolrCore [collection1] Registered new searcher Searcher@58b88ebd[collection1] main{ExitableDirectoryReader(UninvertingDirectoryReader())}
2961994 INFO  (qtp1830712962-16) [   x:collection1] o.a.s.u.p.LogUpdateProcessorFactory [collection1]  webapp=/solr path=/update params={waitSearcher=true&commit=true&softCommit=false&wt=javabin&version=2}{commit=} 0 88
2995458 INFO  (ShutdownMonitor) [   ] o.e.j.s.ServerConnector Stopped ServerConnector@10683d9d{HTTP/1.1}{0.0.0.0:8983}
2995458 INFO  (ShutdownMonitor) [   ] o.a.s.c.CoreContainer Shutting down CoreContainer instance=1195067075
2995458 INFO  (coreCloseExecutor-12-thread-1) [   x:collection1] o.a.s.c.SolrCore [collection1]  CLOSING SolrCore org.apache.solr.core.SolrCore@31249b8d
2995474 INFO  (coreCloseExecutor-12-thread-1) [   x:collection1] o.a.s.u.DirectUpdateHandler2 closing DirectUpdateHandler2{commits=1,autocommit maxTime=15000ms,autocommits=0,soft autocommits=0,optimizes=0,rollbacks=0,expungeDeletes=0,docsPending=0,adds=0,deletesById=0,deletesByQuery=0,errors=0,cumulative_adds=0,cumulative_deletesById=0,cumulative_deletesByQuery=1,cumulative_errors=0,transaction_logs_total_size=2154,transaction_logs_total_number=10}
2995474 INFO  (coreCloseExecutor-12-thread-1) [   x:collection1] o.a.s.u.SolrCoreState Closing SolrCoreState
2995474 INFO  (coreCloseExecutor-12-thread-1) [   x:collection1] o.a.s.u.DefaultSolrCoreState SolrCoreState ref count has reached 0 - closing IndexWriter
2995474 INFO  (coreCloseExecutor-12-thread-1) [   x:collection1] o.a.s.u.DefaultSolrCoreState closing IndexWriter with IndexWriterCloser
2995474 INFO  (coreCloseExecutor-12-thread-1) [   x:collection1] o.a.s.c.SolrCore [collection1] Closing main searcher on request.
2995474 INFO  (coreCloseExecutor-12-thread-1) [   x:collection1] o.a.s.c.CachingDirectoryFactory Closing NRTCachingDirectoryFactory - 2 directories currently being tracked
2995474 INFO  (coreCloseExecutor-12-thread-1) [   x:collection1] o.a.s.c.CachingDirectoryFactory looking to close D:\Program Files\solr-5.5.0(2.1)\solr-5.5.0\server\solr\collection1\data\index [CachedDir<<refCount=0;path=D:\Program Files\solr-5.5.0(2.1)\solr-5.5.0\server\solr\collection1\data\index;done=false>>]
2995474 INFO  (coreCloseExecutor-12-thread-1) [   x:collection1] o.a.s.c.CachingDirectoryFactory Closing directory: D:\Program Files\solr-5.5.0(2.1)\solr-5.5.0\server\solr\collection1\data\index
2995474 INFO  (coreCloseExecutor-12-thread-1) [   x:collection1] o.a.s.c.CachingDirectoryFactory looking to close D:\Program Files\solr-5.5.0(2.1)\solr-5.5.0\server\solr\collection1\data [CachedDir<<refCount=0;path=D:\Program Files\solr-5.5.0(2.1)\solr-5.5.0\server\solr\collection1\data;done=false>>]
2995474 INFO  (coreCloseExecutor-12-thread-1) [   x:collection1] o.a.s.c.CachingDirectoryFactory Closing directory: D:\Program Files\solr-5.5.0(2.1)\solr-5.5.0\server\solr\collection1\data
2995490 INFO  (ShutdownMonitor) [   ] o.e.j.s.h.ContextHandler Stopped o.e.j.w.WebAppContext@31ef45e3{/solr,file:/D:/Program%20Files/solr-5.5.0(2.1)/solr-5.5.0/server/solr-webapp/webapp/,UNAVAILABLE}{D:\Program Files\solr-5.5.0(2.1)\solr-5.5.0\server/solr-webapp/webapp}
